<?xml version="1.0" encoding="UTF-8"?>
<!-- Generated by org.testng.reporters.JUnitXMLReporter -->
<testsuite ignored="0" hostname="IN-5CD5127QJ4" failures="0" tests="2" name="Default test" time="0.361" errors="0" timestamp="2026-04-19T03:57:14 IST">
  <testcase classname="base.BaseTest" name="@BeforeTest beforeMethod" time="0.024">
    <failure type="java.lang.RuntimeException" message="Driver is NULL in BasePage constructor">
      <![CDATA[java.lang.RuntimeException: Driver is NULL in BasePage constructor
at pages.BasePage.<init>(BasePage.java:20)
at pages.MyCartPage.<init>(MyCartPage.java:12)
at base.SuiteFlow.<init>(SuiteFlow.java:9)
at base.BaseTest.beforeMethod(BaseTest.java:40)
at java.base/jdk.internal.reflect.DirectMethodHandleAccessor.invoke(DirectMethodHandleAccessor.java:103)
at java.base/java.lang.reflect.Method.invoke(Method.java:580)
at org.testng.internal.invokers.MethodInvocationHelper.invokeMethod(MethodInvocationHelper.java:141)
at org.testng.internal.invokers.MethodInvocationHelper.invokeMethodConsideringTimeout(MethodInvocationHelper.java:71)
at org.testng.internal.invokers.ConfigInvoker.invokeConfigurationMethod(ConfigInvoker.java:400)
at org.testng.internal.invokers.ConfigInvoker.invokeConfigurations(ConfigInvoker.java:333)
at org.testng.TestRunner.invokeTestConfigurations(TestRunner.java:657)
at org.testng.TestRunner.beforeRun(TestRunner.java:646)
at org.testng.TestRunner.run(TestRunner.java:612)
at org.testng.SuiteRunner.runTest(SuiteRunner.java:421)
at org.testng.SuiteRunner.runSequentially(SuiteRunner.java:413)
at org.testng.SuiteRunner.privateRun(SuiteRunner.java:373)
at org.testng.SuiteRunner.run(SuiteRunner.java:312)
at org.testng.SuiteRunnerWorker.runSuite(SuiteRunnerWorker.java:52)
at org.testng.SuiteRunnerWorker.run(SuiteRunnerWorker.java:95)
at org.testng.TestNG.runSuitesSequentially(TestNG.java:1274)
at org.testng.TestNG.runSuitesLocally(TestNG.java:1208)
at org.testng.TestNG.runSuites(TestNG.java:1112)
at org.testng.TestNG.run(TestNG.java:1079)
at org.testng.remote.AbstractRemoteTestNG.run(AbstractRemoteTestNG.java:115)
at org.testng.remote.RemoteTestNG.initAndRun(RemoteTestNG.java:293)
at org.testng.remote.RemoteTestNG.main(RemoteTestNG.java:91)
]]>
    </failure>
  </testcase> <!-- @BeforeTest beforeMethod -->
  <testcase classname="base.BaseTest" name="@BeforeClass setup" time="0.0">
    <skipped/>
  </testcase> <!-- @BeforeClass setup -->
  <testcase classname="tests.OrderTest" name="OrderProduct" time="0.0">
    <skipped/>
  </testcase> <!-- OrderProduct -->
  <testcase classname="tests.OrderTest" name="OrderProduct" time="0.0">
    <skipped/>
  </testcase> <!-- OrderProduct -->
</testsuite> <!-- Default test -->
